<?xml version="1.0" encoding="UTF-8"?>
<testng-results ignored="0" total="1" passed="1" failed="0" skipped="0">
  <reporter-output>
  </reporter-output>
  <suite started-at="2024-03-30T11:55:35 IST" name="Default suite" finished-at="2024-03-30T11:57:22 IST" duration-ms="107207">
    <groups>
    </groups>
    <test started-at="2024-03-30T11:55:35 IST" name="Default test" finished-at="2024-03-30T11:57:22 IST" duration-ms="107207">
      <class name="Chome.MainPage">
        <test-method signature="loginBase()[pri:0, instance:Chome.MainPage@79e2c065]" started-at="2024-03-30T11:55:35 IST" name="loginBase" finished-at="2024-03-30T11:57:22 IST" duration-ms="107152" status="PASS">
          <reporter-output>
          </reporter-output>
        </test-method> <!-- loginBase -->
      </class> <!-- Chome.MainPage -->
    </test> <!-- Default test -->
  </suite> <!-- Default suite -->
</testng-results>
