<?xml version="1.0" encoding="UTF-8"?>
<!-- Generated by org.testng.reporters.JUnitXMLReporter -->
<testsuite ignored="0" hostname="VigneshRaj" failures="1" tests="1" name="Test" time="30.846" errors="0" timestamp="2024-03-30T11:50:52 IST">
  <testcase classname="Chome.MainPage" name="loginBase" time="30.784">
    <failure type="org.openqa.selenium.ElementClickInterceptedException" message="element click intercepted: Element &amp;lt;div class=&amp;quot;css-76zvg2 css-bfa6kz r-1862ga2 r-1gkfh8e&amp;quot; dir=&amp;quot;auto&amp;quot; style=&amp;quot;font-family: inherit;&amp;quot;&amp;gt;...&amp;lt;/div&amp;gt; is not clickable at point (196, 303). Other element would receive the click: &amp;lt;div class=&amp;quot;css-1dbjc4n r-1mdbw0j r-ymttw5 r-b2dl2 r-mzjzbw r-wk8lta r-tvv088&amp;quot; data-testid=&amp;quot;undefined-month-March-2024&amp;quot;&amp;gt;...&amp;lt;/div&amp;gt;
  (Session info: MicrosoftEdge=123.0.2420.65)
Build info: version: &amp;apos;4.18.0&amp;apos;, revision: &amp;apos;b6bf9de7cc*&amp;apos;
System info: os.name: &amp;apos;Windows 11&amp;apos;, os.arch: &amp;apos;amd64&amp;apos;, os.version: &amp;apos;10.0&amp;apos;, java.version: &amp;apos;18.0.2.1&amp;apos;
Driver info: org.openqa.selenium.edge.EdgeDriver
Command: [3e9bd8cd4bee44981fb73f02de638fc2, clickElement {id=f.72FFA57525CAABD0310907887678D55C.d.F4F94ABC2521305F44102DF0A0C38730.e.509}]
Capabilities {acceptInsecureCerts: false, browserName: MicrosoftEdge, browserVersion: 123.0.2420.65, fedcm:accounts: true, ms:edgeOptions: {debuggerAddress: localhost:51140}, msedge: {msedgedriverVersion: 122.0.2365.92 (908657ec17be..., userDataDir: C:\Users\VIGNES~1\AppData\L...}, networkConnectionEnabled: false, pageLoadStrategy: normal, platformName: windows, proxy: Proxy(), se:cdp: ws://localhost:51140/devtoo..., se:cdpVersion: 123.0.2420.65, setWindowRect: true, strictFileInteractability: false, timeouts: {implicit: 0, pageLoad: 300000, script: 30000}, unhandledPromptBehavior: dismiss and notify, webauthn:extension:credBlob: true, webauthn:extension:largeBlob: true, webauthn:extension:minPinLength: true, webauthn:extension:prf: true, webauthn:virtualAuthenticators: true}
Element: [[EdgeDriver: MicrosoftEdge on windows (3e9bd8cd4bee44981fb73f02de638fc2)] -&amp;gt; xpath: //div[contains(text(),&amp;apos;Passengers&amp;apos;)]]
Session ID: 3e9bd8cd4bee44981fb73f02de638fc2">
      <![CDATA[org.openqa.selenium.ElementClickInterceptedException: element click intercepted: Element <div class="css-76zvg2 css-bfa6kz r-1862ga2 r-1gkfh8e" dir="auto" style="font-family: inherit;">...</div> is not clickable at point (196, 303). Other element would receive the click: <div class="css-1dbjc4n r-1mdbw0j r-ymttw5 r-b2dl2 r-mzjzbw r-wk8lta r-tvv088" data-testid="undefined-month-March-2024">...</div>
  (Session info: MicrosoftEdge=123.0.2420.65)
Build info: version: '4.18.0', revision: 'b6bf9de7cc*'
System info: os.name: 'Windows 11', os.arch: 'amd64', os.version: '10.0', java.version: '18.0.2.1'
Driver info: org.openqa.selenium.edge.EdgeDriver
Command: [3e9bd8cd4bee44981fb73f02de638fc2, clickElement {id=f.72FFA57525CAABD0310907887678D55C.d.F4F94ABC2521305F44102DF0A0C38730.e.509}]
Capabilities {acceptInsecureCerts: false, browserName: MicrosoftEdge, browserVersion: 123.0.2420.65, fedcm:accounts: true, ms:edgeOptions: {debuggerAddress: localhost:51140}, msedge: {msedgedriverVersion: 122.0.2365.92 (908657ec17be..., userDataDir: C:\Users\VIGNES~1\AppData\L...}, networkConnectionEnabled: false, pageLoadStrategy: normal, platformName: windows, proxy: Proxy(), se:cdp: ws://localhost:51140/devtoo..., se:cdpVersion: 123.0.2420.65, setWindowRect: true, strictFileInteractability: false, timeouts: {implicit: 0, pageLoad: 300000, script: 30000}, unhandledPromptBehavior: dismiss and notify, webauthn:extension:credBlob: true, webauthn:extension:largeBlob: true, webauthn:extension:minPinLength: true, webauthn:extension:prf: true, webauthn:virtualAuthenticators: true}
Element: [[EdgeDriver: MicrosoftEdge on windows (3e9bd8cd4bee44981fb73f02de638fc2)] -> xpath: //div[contains(text(),'Passengers')]]
Session ID: 3e9bd8cd4bee44981fb73f02de638fc2
at org.openqa.selenium.remote.ErrorCodec.decode(ErrorCodec.java:167)
at org.openqa.selenium.remote.codec.w3c.W3CHttpResponseCodec.decode(W3CHttpResponseCodec.java:138)
at org.openqa.selenium.remote.codec.w3c.W3CHttpResponseCodec.decode(W3CHttpResponseCodec.java:50)
at org.openqa.selenium.remote.HttpCommandExecutor.execute(HttpCommandExecutor.java:190)
at org.openqa.selenium.remote.service.DriverCommandExecutor.invokeExecute(DriverCommandExecutor.java:216)
at org.openqa.selenium.remote.service.DriverCommandExecutor.execute(DriverCommandExecutor.java:174)
at org.openqa.selenium.remote.RemoteWebDriver.execute(RemoteWebDriver.java:519)
at org.openqa.selenium.remote.RemoteWebElement.execute(RemoteWebElement.java:223)
at org.openqa.selenium.remote.RemoteWebElement.click(RemoteWebElement.java:76)
at Chome.MainPage.loginBase(MainPage.java:69)
at java.base/java.util.ArrayList.forEach(ArrayList.java:1511)
... Removed 28 stack frames]]>
    </failure>
  </testcase> <!-- loginBase -->
</testsuite> <!-- Test -->
